build/app/intermediates/manifest_merge_blame_file/debug/manifest-merger-blame-debug-report.txt
1<?xml version="1.0" encoding="utf-8"?>
2<manifest xmlns:android="http://schemas.android.com/apk/res/android"
3    package="com.tfliteflutteryolokshitizninja.flutter_tflite"
4    android:versionCode="1"
5    android:versionName="1.0.0" >
6
7    <uses-sdk
8        android:minSdkVersion="21"
9        android:targetSdkVersion="28" />
10    <!--
11         Flutter needs it to communicate with the running application
12         to allow setting breakpoints, to provide hot reload, etc.
13    -->
14    <uses-permission android:name="android.permission.INTERNET" />
14-->src\debug\AndroidManifest.xml:6:5-66
14-->src\debug\AndroidManifest.xml:6:22-64
15    <uses-permission android:name="android.permission.READ_EXTERNAL_STORAGE" />
15-->[:image_picker] AndroidManifest.xml:9:5-80
15-->[:image_picker] AndroidManifest.xml:9:22-77
16    <uses-permission android:name="android.permission.WRITE_EXTERNAL_STORAGE" />
16-->[:image_picker] AndroidManifest.xml:10:5-81
16-->[:image_picker] AndroidManifest.xml:10:22-78
17    <uses-permission android:name="android.permission.CAMERA" />
17-->[:camera] AndroidManifest.xml:9:5-65
17-->[:camera] AndroidManifest.xml:9:22-62
18    <uses-permission android:name="android.permission.RECORD_AUDIO" />
18-->[:camera] AndroidManifest.xml:10:5-71
18-->[:camera] AndroidManifest.xml:10:22-68
19    <!--
20 io.flutter.app.FlutterApplication is an android.app.Application that
21         calls FlutterMain.startInitialization(this); in its onCreate method.
22         In most cases you can leave this as-is, but you if you want to provide
23         additional functionality it is fine to subclass or reimplement
24         FlutterApplication and put your custom class here.
25    -->
26    <application
27        android:name="android.app.Application"
28        android:appComponentFactory="androidx.core.app.CoreComponentFactory"
28-->[androidx.core:core:1.6.0] AndroidManifest.xml:24:18-86
29        android:debuggable="true"
30        android:icon="@mipmap/ic_launcher"
31        android:label="Flutter TF Segmentation" >
32        <activity
33            android:name="com.tfliteflutteryolokshitizninja.flutter_tflite.MainActivity"
34            android:configChanges="orientation|keyboardHidden|keyboard|screenSize|smallestScreenSize|locale|layoutDirection|fontScale|screenLayout|density|uiMode"
35            android:hardwareAccelerated="true"
36            android:launchMode="singleTop"
37            android:theme="@style/LaunchTheme"
38            android:windowSoftInputMode="adjustResize" >
39            <intent-filter>
40                <action android:name="android.intent.action.MAIN" />
41
42                <category android:name="android.intent.category.LAUNCHER" />
43            </intent-filter>
44        </activity>
45        <!--
46             Don't delete the meta-data below.
47             This is used by the Flutter tool to generate GeneratedPluginRegistrant.java
48        -->
49        <meta-data
50            android:name="flutterEmbedding"
51            android:value="2" />
52
53        <provider
53-->[:image_picker] AndroidManifest.xml:13:9-21:20
54            android:name="io.flutter.plugins.imagepicker.ImagePickerFileProvider"
54-->[:image_picker] AndroidManifest.xml:14:13-82
55            android:authorities="com.tfliteflutteryolokshitizninja.flutter_tflite.flutter.image_provider"
55-->[:image_picker] AndroidManifest.xml:15:13-74
56            android:exported="false"
56-->[:image_picker] AndroidManifest.xml:16:13-37
57            android:grantUriPermissions="true" >
57-->[:image_picker] AndroidManifest.xml:17:13-47
58            <meta-data
58-->[:image_picker] AndroidManifest.xml:18:13-20:75
59                android:name="android.support.FILE_PROVIDER_PATHS"
59-->[:image_picker] AndroidManifest.xml:19:17-67
60                android:resource="@xml/flutter_image_picker_file_paths" />
60-->[:image_picker] AndroidManifest.xml:20:17-72
61        </provider>
62
63        <uses-library
63-->[androidx.window:window:1.0.0-beta04] AndroidManifest.xml:25:9-27:40
64            android:name="androidx.window.extensions"
64-->[androidx.window:window:1.0.0-beta04] AndroidManifest.xml:26:13-54
65            android:required="false" />
65-->[androidx.window:window:1.0.0-beta04] AndroidManifest.xml:27:13-37
66        <uses-library
66-->[androidx.window:window:1.0.0-beta04] AndroidManifest.xml:28:9-30:40
67            android:name="androidx.window.sidecar"
67-->[androidx.window:window:1.0.0-beta04] AndroidManifest.xml:29:13-51
68            android:required="false" />
68-->[androidx.window:window:1.0.0-beta04] AndroidManifest.xml:30:13-37
69    </application>
70
71</manifest>